1 5 3 2 4

2 5 7 8 10 13 18 3 6 12 1 4 11 14 15 9 16 17

17 29 76 12 3 70 39 71 15 89 1 72 5 9 90 73 2 14 78 31 47 34 62 63 7 42 69 52 57 41 10 38 18 55 83 84 92 19 40 60 8 79 27 22 30 33 65 35 46 56 74 77 11 21 48 80 13 25 50 51 58 81 54 6 37 43 85 44 64 82 24 32 67 68 20 23 45 4 66 86 53 16 59 28 49 75 36 87 26 88 91 61

7 8 13 17 11 14 22 35 37 24 38 4 2 19 1 16 32 10 27 36 21 20 33 26 34 29 25 39 12 18 23 28 6 15 30 5 31 40 3 9

2 7 17 27 53 31 37 13 61 28 29 30 33 44 22 25 3 15 48 55 58 24 62 5 46 51 56 6 20 36 41 67 40 1 35 45 71 9 19 50 59 66 47 16 68 32 72 49 54 18 21 60 63 23 39 8 52 34 73 12 70 42 74 14 69 65 43 10 4 57 38 75 26 11 64

45 50 1 8 12 11 33 53 30 37 43 48 59 13 15 57 23 28 6 20 39 5 10 32 36 9 25 38 41 42 47 49 35 52 21 29 44 24 2 34 54 4 19 55 58 56 18 27 31 40 60 3 7 17 22 14 51 26 16 46

47 1 61 64 2 55 29 69 25 44 60 5 12 85 34 66 6 28 11 73 79 80 77 81 65 71 19 62 27 75 46 56 63 72 84 37 48 51 14 15 9 24 23 30 35 8 4 38 32 54 22 18 36 67 76 78 41 58 21 16 31 17 50 49 13 43 33 52 68 3 82 7 10 59 53 57 70 45 74 20 40 39 26 42 83

1 10 12 13 5 8 14 2 3 6 9 11 15 7 4

19 56 65 81 8 35 17 68 48 86 20 27 52 64 57 47 75 77 84 87 39 2 31 3 11 10 18 36 25 71 72 76 67 82 21 28 37 58 85 30 34 43 89 5 40 9 4 50 13 59 69 70 83 92 14 12 16 24 29 45 53 22 1 26 33 55 38 44 6 41 49 42 60 32 61 7 62 23 51 88 90 46 54 66 78 79 73 80 74 93 63 15 91

3 4 5 7 8 6 1 9 2 10

3 1 2 5 4

2 3 4 5 1

1 2 3 4 5 6 7

3 4 5 1 2

2 3 4 5 6 7 1 8 9

1 2 4 3 5

1 2 3

1 4 3 2 5 6

1 4 2 8 9 7 3 5 6 10

1 2 4 3 5 6 7

4 5 2 1 3

2 7 1 3 6 5 4

1 2 3 4 5 6 7

3 5 1 2 6 4 7 8 9 10

1 2 3 4 5 6 7 8

1 2 3

4 8 7 10 2 6 1 3 5 9

1 2 3 4 5

2 3 1

1 6 8 13 14 16 10 4 3 5 9 11 15 7 12 2 17

1 5 9 10 14 3 7 11 2 15 17 19 20 18 4 8 12 13 6 16

1 3 4 5 6 2 7 8 9

3 4 2 1 5

4 7 6 3 2 5 1

2 3 4 6 7 8 9 10 12 14 15 1 13 11 5 16 17 18 20 19

2 3 4 6 5 1

2 3 4 5 6 7 1 10 11 14 12 13 15 16 9 8 17 18

1 2 3 5 6 8 9 10 11 13 14 15 16 17 18 19 4 7 12

3 4 2 5 6 8 9 10 1 7 12 14 11 13 15

1 3 4 5 6 7 8 10 11 12 13 14 15 16 17 18 19 2 9

2 3 4 5 6 7 8 11 12 14 15 16 17 18 19 20 9 13 1 10 21 22 23

2 3 4 5 6 9 7 1 8 10 11 12 13 14 15

1 2 3 4 5 6 7 8 9 10 11 12 13 14 15

1 2 3 5 6 8 9 10 11 12 13 14 15 16 17 18 19 21 22 23 7 24 25 26 27 20 4 28 29

2 4 6 7 8 9 10 11 12 13 14 16 17 18 19 15 5 20 1 3

2 4 5 6 8 9 10 11 14 15 17 18 19 21 22 24 26 16 25 1 12 13 7 20 23 3

1 3 4 6 7 8 9 2 5 10 11 12 13 14 15 16

1 2 3 4 5 6 7 8 9 10 11 12 13 14 15 16 17 18

3 4 5 8 9 6 2 1 7 10

9 10 12 13 18 20 21 19 7 11 8 5 4 16 17 22 14 6 15 1 2 3

2 3 5 6 7 11 14 16 17 4 24 26 29 31 32 33 36 21 13 30 1 15 12 34 27 25 19 35 8 22 28 18 10 9 20 23

1 2 3 5 6 7 4 8 9 10 11 12 13 14 15 16 17 18 19 20 21 22 23 24 25 26

1 2 3 4 5 7 8 9 10 11 12 14 17 19 21 22 23 27 25 24 6 13 16 28 29 15 20 18 26

7 1 3 8 16 19 15 18 6 2 4 5 9 10 11 12 13 14 17 20 21

1 2 3 5 7 9 10 11 13 14 15 18 20 21 22 16 19 17 4 12 8 6 23 24 25 26

1 2 3 4 5 6 7 8 9 10 11 14 16 17 18 19 21 22 23 24 25 26 27 28 29 13 30 31 32 33 34 15 35 36 37 12 20 38 39 40

1 2 3 4 5 6 7 8 9 10 11 12 13 14 15 16 17 18 19 20 21 22 23 24 25 26 27 28 29 30 31 32 33 34 35 36 37 38 39 40

1 13 14 15 23 11 16 19 6 2 10 5 27 31 32 34 24 25 29 9 22 17 4 7 36 38 20 3 8 18 21 26 37 12 28 30 35 33

12 23 25 35 13 22 32 29 16 8 5 6 19 30 33 2 14 31 1 17 7 34 18 21 37 4 28 24 27 20 9 3 10 11 36 15 26 38

1 2 3 4 5 6 7 8 9 10 11 12 13 14 15 16 17 18 19 20 21 22 23 24 25 26 27 28 29 30 31 32 33 34 35 36 37 38 39 40 41 42 43 44 45 46 47 48 49 50 51 52 53 54 55 

1 2 3 4 5 6 7 8 9 10 11 12 13 14 15 16 17 18 19 20 21 22 23 24 25 26 27 28 29 30 31 32 33 34 35 36 37 38 39 40 41 42 43 

1 2 3 4 5 6 7 8 9 10 11 12 13 14 15 16 17 18 

1 2 3 4 5 6 7 8 9 10 11 12 13 14 15 16 17 18 19 20 21 22 23 24 25 26 27 28 29 

1 2 3 4 5 6 7 8 9 10 11 12 13 14 15 16 17 18 

1 2 3 4 5 6 7 8 9 10 11 12 13 14 15 16 17 18 19 20 21 22 23 24 25 26 27 28 29 30 31 32 33 34 35 36 37 38 39 40 41 42 43 44 45 46 47 48 49 50 51 52 53 54 55 

1 2 3 4 5 6 7 8 9 10 11 12 13 14 15 16 17 18 19 20 21 22 23 24 25 26 27 28 29 30 31 32 33 34 35 36 37 38 39 40 41 42 43 44 45 46 47 48 49 50 51 52 53 54 55 56 57 58 59 60 61 62 63 64 65 66 67 68 69 70 71 72 73 74 75 76 77 78 79 80 81 82 83 84 85 

1 2 3 4 5 6 7 8 9 10 11 12 13 14 15 16 17 18 19 20 21 22 23 24 25 26 27 28 29 30 31 32 33 34 35 36 37 38 39 40 41 42 43 44 45 46 47 48 49 50 51 52 53 54 55 56 57 58 59 60 61 62 63 64 65 66 67 68 69 70 71 72 

1 2 3 4 5 6 7 8 9 10 11 12 13 14 15 16 17 18 19 20 21 22 23 24 25 26 27 28 29 30 31 32 33 34 35 36 37 38 39 40 41 

1 2 3 4 5 6 7 8 9 10 11 12 13 14 15 16 17 18 19 20 21 22 23 24 25 26 27 28 29 30 31 32 33 34 35 36 37 38 39 40 41 42 43 44 45 46 47 48 49 50 51 52 53 54 55 56 57 58 59 60 61 62 63 64 65 66 67 68 69 70 71 72 73 74 75 76 77 78 79 80 81 82 83 84 85 86 87 88 89 90 91 92 

1 2 3 4 5 6 7 8 9 10 11 12 13 14 15 16 17 18 19 20 21 22 23 

1 2 3 4 5 6 7 8 9 10 11 12 13 14 15 16 17 18 19 20 21 22 23 24 25 26 27 28 29 30 31 32 33 34 35 36 37 38 39 40 41 42 43 44 45 46 47 48 49 50 51 52 53 54 55 56 57 58 

1 2 3 4 5 6 7 8 9 10 11 12 13 14 

1 2 3 4 5 6 7 8 9 10 11 12 13 14 15 16 17 18 19 20 21 22 23 24 25 26 27 28 29 30 31 32 33 34 35 36 37 38 39 40 41 42 43 44 45 46 47 48 

1 2 3 4 5 6 7 8 9 10 11 12 13 14 15 16 17 18 19 20 21 22 23 24 25 26 27 28 29 30 31 32 33 34 35 36 37 38 39 40 41 42 43 44 45 46 47 
